[debug] [2026-07-06T06:13:08.241Z] ----------------------------------------------------------------------
[debug] [2026-07-06T06:13:08.245Z] Command:       C:\Program Files\nodejs\node.exe C:\Users\Dev\AppData\Roaming\npm\node_modules\firebase-tools\lib\bin\firebase.js deploy
[debug] [2026-07-06T06:13:08.245Z] CLI Version:   15.19.1
[debug] [2026-07-06T06:13:08.245Z] Platform:      win32
[debug] [2026-07-06T06:13:08.246Z] Node Version:  v24.14.1
[debug] [2026-07-06T06:13:08.246Z] Time:          Mon Jul 06 2026 11:43:08 GMT+0530 (India Standard Time)
[debug] [2026-07-06T06:13:08.246Z] ----------------------------------------------------------------------
[debug] 
[debug] [2026-07-06T06:13:08.248Z] >>> [apiv2][query] GET https://firebase-public.firebaseio.com/cli.json [none]
[debug] [2026-07-06T06:13:11.591Z] > command requires scopes: ["email","openid","https://www.googleapis.com/auth/cloudplatformprojects.readonly","https://www.googleapis.com/auth/firebase","https://www.googleapis.com/auth/cloud-platform"]
[debug] [2026-07-06T06:13:11.591Z] > authorizing via signed-in user (maheshkumar2312000@gmail.com)
[debug] [2026-07-06T06:13:11.592Z] [iam] checking project mahesh-devop for permissions ["firebase.projects.get","firebasehosting.sites.update"]
[debug] [2026-07-06T06:13:11.592Z] Checked if tokens are valid: false, expires at: 1782821899506
[debug] [2026-07-06T06:13:11.592Z] Checked if tokens are valid: false, expires at: 1782821899506
[debug] [2026-07-06T06:13:11.592Z] > refreshing access token with scopes: []
[debug] [2026-07-06T06:13:11.594Z] >>> [apiv2][query] POST https://www.googleapis.com/oauth2/v3/token [none]
[debug] [2026-07-06T06:13:11.594Z] >>> [apiv2][body] POST https://www.googleapis.com/oauth2/v3/token [omitted]
[debug] [2026-07-06T06:13:11.770Z] <<< [apiv2][status] POST https://www.googleapis.com/oauth2/v3/token 200
[debug] [2026-07-06T06:13:11.770Z] <<< [apiv2][body] POST https://www.googleapis.com/oauth2/v3/token [omitted]
[debug] [2026-07-06T06:13:11.784Z] >>> [apiv2][query] POST https://cloudresourcemanager.googleapis.com/v1/projects/mahesh-devop:testIamPermissions [none]
[debug] [2026-07-06T06:13:11.784Z] >>> [apiv2][(partial)header] POST https://cloudresourcemanager.googleapis.com/v1/projects/mahesh-devop:testIamPermissions  x-goog-user-project=mahesh-devop
[debug] [2026-07-06T06:13:11.784Z] >>> [apiv2][body] POST https://cloudresourcemanager.googleapis.com/v1/projects/mahesh-devop:testIamPermissions {"permissions":["firebase.projects.get","firebasehosting.sites.update"]}
[debug] [2026-07-06T06:13:12.515Z] <<< [apiv2][status] GET https://firebase-public.firebaseio.com/cli.json 200
[debug] [2026-07-06T06:13:12.515Z] <<< [apiv2][body] GET https://firebase-public.firebaseio.com/cli.json {"cloudBuildErrorAfter":1594252800000,"cloudBuildWarnAfter":1590019200000,"defaultNode10After":1594252800000,"minVersion":"3.0.5","node8DeploysDisabledAfter":1613390400000,"node8RuntimeDisabledAfter":1615809600000,"node8WarnAfter":1600128000000}
[debug] [2026-07-06T06:13:13.312Z] <<< [apiv2][status] POST https://cloudresourcemanager.googleapis.com/v1/projects/mahesh-devop:testIamPermissions 403
[debug] [2026-07-06T06:13:13.313Z] <<< [apiv2][body] POST https://cloudresourcemanager.googleapis.com/v1/projects/mahesh-devop:testIamPermissions {"error":{"code":403,"message":"Caller does not have required permission to use project mahesh-devop. Grant the caller the roles/serviceusage.serviceUsageConsumer role, or a custom role with the serviceusage.services.use permission, by visiting https://console.developers.google.com/iam-admin/iam?project=mahesh-devop and then retry. Propagation of the new permission may take a few minutes.","status":"PERMISSION_DENIED","details":[{"@type":"type.googleapis.com/google.rpc.ErrorInfo","reason":"USER_PROJECT_DENIED","domain":"googleapis.com","metadata":{"service":"cloudresourcemanager.googleapis.com","consoleUrl":"https://console.developers.google.com/iam-admin/iam?project=mahesh-devop","containerInfo":"mahesh-devop","consumer":"projects/mahesh-devop"}},{"@type":"type.googleapis.com/google.rpc.LocalizedMessage","locale":"en-US","message":"Caller does not have required permission to use project mahesh-devop. Grant the caller the roles/serviceusage.serviceUsageConsumer role, or a custom role with the serviceusage.services.use permission, by visiting https://console.developers.google.com/iam-admin/iam?project=mahesh-devop and then retry. Propagation of the new permission may take a few minutes."},{"@type":"type.googleapis.com/google.rpc.Help","links":[{"description":"Google developer console IAM admin","url":"https://console.developers.google.com/iam-admin/iam?project=mahesh-devop"}]}]}}
[debug] [2026-07-06T06:13:13.314Z] [iam] error while checking permissions, command may fail: Request to https://cloudresourcemanager.googleapis.com/v1/projects/mahesh-devop:testIamPermissions had HTTP Error: 403, Caller does not have required permission to use project mahesh-devop. Grant the caller the roles/serviceusage.serviceUsageConsumer role, or a custom role with the serviceusage.services.use permission, by visiting https://console.developers.google.com/iam-admin/iam?project=mahesh-devop and then retry. Propagation of the new permission may take a few minutes.
[debug] [2026-07-06T06:13:13.315Z] Checked if tokens are valid: true, expires at: 1783321990771
[debug] [2026-07-06T06:13:13.315Z] Checked if tokens are valid: true, expires at: 1783321990771
[debug] [2026-07-06T06:13:13.315Z] >>> [apiv2][query] GET https://firebase.googleapis.com/v1beta1/projects/mahesh-devop [none]
[debug] [2026-07-06T06:13:13.902Z] <<< [apiv2][status] GET https://firebase.googleapis.com/v1beta1/projects/mahesh-devop 403
[debug] [2026-07-06T06:13:13.902Z] <<< [apiv2][body] GET https://firebase.googleapis.com/v1beta1/projects/mahesh-devop {"error":{"code":403,"message":"The caller does not have permission","status":"PERMISSION_DENIED"}}
[debug] [2026-07-06T06:13:13.902Z] Request to https://firebase.googleapis.com/v1beta1/projects/mahesh-devop had HTTP Error: 403, The caller does not have permission
[debug] [2026-07-06T06:13:13.903Z] FirebaseError: Request to https://firebase.googleapis.com/v1beta1/projects/mahesh-devop had HTTP Error: 403, The caller does not have permission
    at responseToError (C:\Users\Dev\AppData\Roaming\npm\node_modules\firebase-tools\lib\responseToError.js:53:12)
    at RetryOperation._fn (C:\Users\Dev\AppData\Roaming\npm\node_modules\firebase-tools\lib\apiv2.js:333:77)
    at process.processTicksAndRejections (node:internal/process/task_queues:104:5)
[error] 
[error] Error: Failed to get Firebase project mahesh-devop. Please make sure the project exists and your account has permission to access it.
